<?xml version="1.0" encoding="UTF-8"?>
<testsuite xmlns:xsi="http://www.w3.org/2001/XMLSchema-instance" xsi:noNamespaceSchemaLocation="https://maven.apache.org/surefire/maven-surefire-plugin/xsd/surefire-test-report.xsd" name="tests.architecture.ArchitectureTest" time="0.132" tests="5" errors="0" skipped="0" failures="0">
  <properties>
    <property name="awt.toolkit" value="sun.awt.X11.XToolkit"/>
    <property name="file.encoding.pkg" value="sun.io"/>
    <property name="java.specification.version" value="1.8"/>
    <property name="sun.cpu.isalist" value=""/>
    <property name="sun.jnu.encoding" value="UTF-8"/>
    <property name="java.class.path" value="/home/cawal/git/lssb/activity-rest-framework/bootstrap/target/test-classes:/home/cawal/git/lssb/activity-rest-framework/bootstrap/target/classes:/home/cawal/.m2/repository/org/jetbrains/kotlin/kotlin-stdlib/1.3.10/kotlin-stdlib-1.3.10.jar:/home/cawal/.m2/repository/org/jetbrains/kotlin/kotlin-stdlib-common/1.3.10/kotlin-stdlib-common-1.3.10.jar:/home/cawal/.m2/repository/org/jetbrains/annotations/13.0/annotations-13.0.jar:/home/cawal/.m2/repository/javax/ws/rs/javax.ws.rs-api/2.1/javax.ws.rs-api-2.1.jar:/home/cawal/.m2/repository/org/glassfish/jersey/media/jersey-media-json-jackson/2.25.1/jersey-media-json-jackson-2.25.1.jar:/home/cawal/.m2/repository/org/glassfish/jersey/core/jersey-common/2.25.1/jersey-common-2.25.1.jar:/home/cawal/.m2/repository/javax/annotation/javax.annotation-api/1.2/javax.annotation-api-1.2.jar:/home/cawal/.m2/repository/org/glassfish/jersey/bundles/repackaged/jersey-guava/2.25.1/jersey-guava-2.25.1.jar:/home/cawal/.m2/repository/org/glassfish/hk2/hk2-api/2.5.0-b32/hk2-api-2.5.0-b32.jar:/home/cawal/.m2/repository/org/glassfish/hk2/hk2-utils/2.5.0-b32/hk2-utils-2.5.0-b32.jar:/home/cawal/.m2/repository/org/glassfish/hk2/external/aopalliance-repackaged/2.5.0-b32/aopalliance-repackaged-2.5.0-b32.jar:/home/cawal/.m2/repository/org/glassfish/hk2/external/javax.inject/2.5.0-b32/javax.inject-2.5.0-b32.jar:/home/cawal/.m2/repository/org/glassfish/hk2/hk2-locator/2.5.0-b32/hk2-locator-2.5.0-b32.jar:/home/cawal/.m2/repository/org/javassist/javassist/3.20.0-GA/javassist-3.20.0-GA.jar:/home/cawal/.m2/repository/org/glassfish/hk2/osgi-resource-locator/1.0.1/osgi-resource-locator-1.0.1.jar:/home/cawal/.m2/repository/org/glassfish/jersey/ext/jersey-entity-filtering/2.25.1/jersey-entity-filtering-2.25.1.jar:/home/cawal/.m2/repository/com/fasterxml/jackson/jaxrs/jackson-jaxrs-base/2.8.4/jackson-jaxrs-base-2.8.4.jar:/home/cawal/.m2/repository/com/fasterxml/jackson/core/jackson-core/2.8.4/jackson-core-2.8.4.jar:/home/cawal/.m2/repository/com/fasterxml/jackson/core/jackson-databind/2.8.4/jackson-databind-2.8.4.jar:/home/cawal/.m2/repository/com/fasterxml/jackson/core/jackson-annotations/2.8.4/jackson-annotations-2.8.4.jar:/home/cawal/.m2/repository/javax/json/javax.json-api/1.1/javax.json-api-1.1.jar:/home/cawal/.m2/repository/org/glassfish/javax.json/1.1/javax.json-1.1.jar:/home/cawal/.m2/repository/javax/json/bind/javax.json.bind-api/1.0.0-RC2/javax.json.bind-api-1.0.0-RC2.jar:/home/cawal/.m2/repository/org/eclipse/yasson/1.0.0-RC1/yasson-1.0.0-RC1.jar:/home/cawal/.m2/repository/javax/enterprise/cdi-api/1.2/cdi-api-1.2.jar:/home/cawal/.m2/repository/javax/el/javax.el-api/3.0.0/javax.el-api-3.0.0.jar:/home/cawal/.m2/repository/javax/interceptor/javax.interceptor-api/1.2/javax.interceptor-api-1.2.jar:/home/cawal/.m2/repository/javax/inject/javax.inject/1/javax.inject-1.jar:/home/cawal/.m2/repository/com/fasterxml/jackson/jaxrs/jackson-jaxrs-json-provider/2.9.0/jackson-jaxrs-json-provider-2.9.0.jar:/home/cawal/.m2/repository/com/fasterxml/jackson/module/jackson-module-jaxb-annotations/2.9.0/jackson-module-jaxb-annotations-2.9.0.jar:/home/cawal/.m2/repository/io/openapitools/jackson/dataformat/jackson-dataformat-hal/1.0.4/jackson-dataformat-hal-1.0.4.jar:/home/cawal/.m2/repository/org/slf4j/slf4j-api/1.7.21/slf4j-api-1.7.21.jar:/home/cawal/.m2/repository/commons-io/commons-io/2.4/commons-io-2.4.jar:/home/cawal/.m2/repository/io/rest-assured/rest-assured/3.0.3/rest-assured-3.0.3.jar:/home/cawal/.m2/repository/org/codehaus/groovy/groovy/2.4.9/groovy-2.4.9.jar:/home/cawal/.m2/repository/org/codehaus/groovy/groovy-xml/2.4.9/groovy-xml-2.4.9.jar:/home/cawal/.m2/repository/org/apache/httpcomponents/httpclient/4.5.2/httpclient-4.5.2.jar:/home/cawal/.m2/repository/org/apache/httpcomponents/httpcore/4.4.4/httpcore-4.4.4.jar:/home/cawal/.m2/repository/commons-logging/commons-logging/1.2/commons-logging-1.2.jar:/home/cawal/.m2/repository/commons-codec/commons-codec/1.9/commons-codec-1.9.jar:/home/cawal/.m2/repository/org/apache/httpcomponents/httpmime/4.5.1/httpmime-4.5.1.jar:/home/cawal/.m2/repository/org/hamcrest/hamcrest-core/1.3/hamcrest-core-1.3.jar:/home/cawal/.m2/repository/org/hamcrest/hamcrest-library/1.3/hamcrest-library-1.3.jar:/home/cawal/.m2/repository/org/ccil/cowan/tagsoup/tagsoup/1.2.1/tagsoup-1.2.1.jar:/home/cawal/.m2/repository/io/rest-assured/json-path/3.0.3/json-path-3.0.3.jar:/home/cawal/.m2/repository/org/codehaus/groovy/groovy-json/2.4.9/groovy-json-2.4.9.jar:/home/cawal/.m2/repository/io/rest-assured/rest-assured-common/3.0.3/rest-assured-common-3.0.3.jar:/home/cawal/.m2/repository/io/rest-assured/xml-path/3.0.3/xml-path-3.0.3.jar:/home/cawal/.m2/repository/org/apache/commons/commons-lang3/3.4/commons-lang3-3.4.jar:/home/cawal/.m2/repository/org/junit/jupiter/junit-jupiter-engine/5.5.0/junit-jupiter-engine-5.5.0.jar:/home/cawal/.m2/repository/org/apiguardian/apiguardian-api/1.1.0/apiguardian-api-1.1.0.jar:/home/cawal/.m2/repository/org/junit/platform/junit-platform-engine/1.5.0/junit-platform-engine-1.5.0.jar:/home/cawal/.m2/repository/org/opentest4j/opentest4j/1.2.0/opentest4j-1.2.0.jar:/home/cawal/.m2/repository/org/junit/platform/junit-platform-commons/1.5.0/junit-platform-commons-1.5.0.jar:/home/cawal/.m2/repository/org/junit/jupiter/junit-jupiter-api/5.5.0/junit-jupiter-api-5.5.0.jar:/home/cawal/.m2/repository/org/junit/vintage/junit-vintage-engine/5.5.0/junit-vintage-engine-5.5.0.jar:/home/cawal/.m2/repository/junit/junit/4.12/junit-4.12.jar:/home/cawal/.m2/repository/org/junit/platform/junit-platform-launcher/1.5.0/junit-platform-launcher-1.5.0.jar:/home/cawal/.m2/repository/org/junit/platform/junit-platform-runner/1.5.0/junit-platform-runner-1.5.0.jar:/home/cawal/.m2/repository/org/junit/platform/junit-platform-suite-api/1.5.0/junit-platform-suite-api-1.5.0.jar:/home/cawal/.m2/repository/com/tngtech/archunit/archunit-junit/0.8.3/archunit-junit-0.8.3.jar:/home/cawal/.m2/repository/com/tngtech/archunit/archunit/0.8.3/archunit-0.8.3.jar:/home/cawal/.m2/repository/org/xmlunit/xmlunit-core/2.6.3/xmlunit-core-2.6.3.jar:"/>
    <property name="java.vm.vendor" value="Private Build"/>
    <property name="sun.arch.data.model" value="64"/>
    <property name="java.vendor.url" value="http://java.oracle.com/"/>
    <property name="user.timezone" value=""/>
    <property name="java.vm.specification.version" value="1.8"/>
    <property name="os.name" value="Linux"/>
    <property name="user.country" value="BR"/>
    <property name="sun.java.launcher" value="SUN_STANDARD"/>
    <property name="sun.boot.library.path" value="/usr/lib/jvm/java-8-openjdk-amd64/jre/lib/amd64"/>
    <property name="sun.java.command" value="/home/cawal/git/lssb/activity-rest-framework/bootstrap/target/surefire/surefirebooter8214742779621268597.jar /home/cawal/git/lssb/activity-rest-framework/bootstrap/target/surefire 2020-01-25T02-14-52_390-jvmRun1 surefire2612991044786921691tmp surefire_0878501735736653722tmp"/>
    <property name="surefire.test.class.path" value="/home/cawal/git/lssb/activity-rest-framework/bootstrap/target/test-classes:/home/cawal/git/lssb/activity-rest-framework/bootstrap/target/classes:/home/cawal/.m2/repository/org/jetbrains/kotlin/kotlin-stdlib/1.3.10/kotlin-stdlib-1.3.10.jar:/home/cawal/.m2/repository/org/jetbrains/kotlin/kotlin-stdlib-common/1.3.10/kotlin-stdlib-common-1.3.10.jar:/home/cawal/.m2/repository/org/jetbrains/annotations/13.0/annotations-13.0.jar:/home/cawal/.m2/repository/javax/ws/rs/javax.ws.rs-api/2.1/javax.ws.rs-api-2.1.jar:/home/cawal/.m2/repository/org/glassfish/jersey/media/jersey-media-json-jackson/2.25.1/jersey-media-json-jackson-2.25.1.jar:/home/cawal/.m2/repository/org/glassfish/jersey/core/jersey-common/2.25.1/jersey-common-2.25.1.jar:/home/cawal/.m2/repository/javax/annotation/javax.annotation-api/1.2/javax.annotation-api-1.2.jar:/home/cawal/.m2/repository/org/glassfish/jersey/bundles/repackaged/jersey-guava/2.25.1/jersey-guava-2.25.1.jar:/home/cawal/.m2/repository/org/glassfish/hk2/hk2-api/2.5.0-b32/hk2-api-2.5.0-b32.jar:/home/cawal/.m2/repository/org/glassfish/hk2/hk2-utils/2.5.0-b32/hk2-utils-2.5.0-b32.jar:/home/cawal/.m2/repository/org/glassfish/hk2/external/aopalliance-repackaged/2.5.0-b32/aopalliance-repackaged-2.5.0-b32.jar:/home/cawal/.m2/repository/org/glassfish/hk2/external/javax.inject/2.5.0-b32/javax.inject-2.5.0-b32.jar:/home/cawal/.m2/repository/org/glassfish/hk2/hk2-locator/2.5.0-b32/hk2-locator-2.5.0-b32.jar:/home/cawal/.m2/repository/org/javassist/javassist/3.20.0-GA/javassist-3.20.0-GA.jar:/home/cawal/.m2/repository/org/glassfish/hk2/osgi-resource-locator/1.0.1/osgi-resource-locator-1.0.1.jar:/home/cawal/.m2/repository/org/glassfish/jersey/ext/jersey-entity-filtering/2.25.1/jersey-entity-filtering-2.25.1.jar:/home/cawal/.m2/repository/com/fasterxml/jackson/jaxrs/jackson-jaxrs-base/2.8.4/jackson-jaxrs-base-2.8.4.jar:/home/cawal/.m2/repository/com/fasterxml/jackson/core/jackson-core/2.8.4/jackson-core-2.8.4.jar:/home/cawal/.m2/repository/com/fasterxml/jackson/core/jackson-databind/2.8.4/jackson-databind-2.8.4.jar:/home/cawal/.m2/repository/com/fasterxml/jackson/core/jackson-annotations/2.8.4/jackson-annotations-2.8.4.jar:/home/cawal/.m2/repository/javax/json/javax.json-api/1.1/javax.json-api-1.1.jar:/home/cawal/.m2/repository/org/glassfish/javax.json/1.1/javax.json-1.1.jar:/home/cawal/.m2/repository/javax/json/bind/javax.json.bind-api/1.0.0-RC2/javax.json.bind-api-1.0.0-RC2.jar:/home/cawal/.m2/repository/org/eclipse/yasson/1.0.0-RC1/yasson-1.0.0-RC1.jar:/home/cawal/.m2/repository/javax/enterprise/cdi-api/1.2/cdi-api-1.2.jar:/home/cawal/.m2/repository/javax/el/javax.el-api/3.0.0/javax.el-api-3.0.0.jar:/home/cawal/.m2/repository/javax/interceptor/javax.interceptor-api/1.2/javax.interceptor-api-1.2.jar:/home/cawal/.m2/repository/javax/inject/javax.inject/1/javax.inject-1.jar:/home/cawal/.m2/repository/com/fasterxml/jackson/jaxrs/jackson-jaxrs-json-provider/2.9.0/jackson-jaxrs-json-provider-2.9.0.jar:/home/cawal/.m2/repository/com/fasterxml/jackson/module/jackson-module-jaxb-annotations/2.9.0/jackson-module-jaxb-annotations-2.9.0.jar:/home/cawal/.m2/repository/io/openapitools/jackson/dataformat/jackson-dataformat-hal/1.0.4/jackson-dataformat-hal-1.0.4.jar:/home/cawal/.m2/repository/org/slf4j/slf4j-api/1.7.21/slf4j-api-1.7.21.jar:/home/cawal/.m2/repository/commons-io/commons-io/2.4/commons-io-2.4.jar:/home/cawal/.m2/repository/io/rest-assured/rest-assured/3.0.3/rest-assured-3.0.3.jar:/home/cawal/.m2/repository/org/codehaus/groovy/groovy/2.4.9/groovy-2.4.9.jar:/home/cawal/.m2/repository/org/codehaus/groovy/groovy-xml/2.4.9/groovy-xml-2.4.9.jar:/home/cawal/.m2/repository/org/apache/httpcomponents/httpclient/4.5.2/httpclient-4.5.2.jar:/home/cawal/.m2/repository/org/apache/httpcomponents/httpcore/4.4.4/httpcore-4.4.4.jar:/home/cawal/.m2/repository/commons-logging/commons-logging/1.2/commons-logging-1.2.jar:/home/cawal/.m2/repository/commons-codec/commons-codec/1.9/commons-codec-1.9.jar:/home/cawal/.m2/repository/org/apache/httpcomponents/httpmime/4.5.1/httpmime-4.5.1.jar:/home/cawal/.m2/repository/org/hamcrest/hamcrest-core/1.3/hamcrest-core-1.3.jar:/home/cawal/.m2/repository/org/hamcrest/hamcrest-library/1.3/hamcrest-library-1.3.jar:/home/cawal/.m2/repository/org/ccil/cowan/tagsoup/tagsoup/1.2.1/tagsoup-1.2.1.jar:/home/cawal/.m2/repository/io/rest-assured/json-path/3.0.3/json-path-3.0.3.jar:/home/cawal/.m2/repository/org/codehaus/groovy/groovy-json/2.4.9/groovy-json-2.4.9.jar:/home/cawal/.m2/repository/io/rest-assured/rest-assured-common/3.0.3/rest-assured-common-3.0.3.jar:/home/cawal/.m2/repository/io/rest-assured/xml-path/3.0.3/xml-path-3.0.3.jar:/home/cawal/.m2/repository/org/apache/commons/commons-lang3/3.4/commons-lang3-3.4.jar:/home/cawal/.m2/repository/org/junit/jupiter/junit-jupiter-engine/5.5.0/junit-jupiter-engine-5.5.0.jar:/home/cawal/.m2/repository/org/apiguardian/apiguardian-api/1.1.0/apiguardian-api-1.1.0.jar:/home/cawal/.m2/repository/org/junit/platform/junit-platform-engine/1.5.0/junit-platform-engine-1.5.0.jar:/home/cawal/.m2/repository/org/opentest4j/opentest4j/1.2.0/opentest4j-1.2.0.jar:/home/cawal/.m2/repository/org/junit/platform/junit-platform-commons/1.5.0/junit-platform-commons-1.5.0.jar:/home/cawal/.m2/repository/org/junit/jupiter/junit-jupiter-api/5.5.0/junit-jupiter-api-5.5.0.jar:/home/cawal/.m2/repository/org/junit/vintage/junit-vintage-engine/5.5.0/junit-vintage-engine-5.5.0.jar:/home/cawal/.m2/repository/junit/junit/4.12/junit-4.12.jar:/home/cawal/.m2/repository/org/junit/platform/junit-platform-launcher/1.5.0/junit-platform-launcher-1.5.0.jar:/home/cawal/.m2/repository/org/junit/platform/junit-platform-runner/1.5.0/junit-platform-runner-1.5.0.jar:/home/cawal/.m2/repository/org/junit/platform/junit-platform-suite-api/1.5.0/junit-platform-suite-api-1.5.0.jar:/home/cawal/.m2/repository/com/tngtech/archunit/archunit-junit/0.8.3/archunit-junit-0.8.3.jar:/home/cawal/.m2/repository/com/tngtech/archunit/archunit/0.8.3/archunit-0.8.3.jar:/home/cawal/.m2/repository/org/xmlunit/xmlunit-core/2.6.3/xmlunit-core-2.6.3.jar:"/>
    <property name="sun.cpu.endian" value="little"/>
    <property name="user.home" value="/home/cawal"/>
    <property name="user.language" value="pt"/>
    <property name="java.specification.vendor" value="Oracle Corporation"/>
    <property name="java.home" value="/usr/lib/jvm/java-8-openjdk-amd64/jre"/>
    <property name="basedir" value="/home/cawal/git/lssb/activity-rest-framework/bootstrap"/>
    <property name="file.separator" value="/"/>
    <property name="line.separator" value="&#10;"/>
    <property name="java.vm.specification.vendor" value="Oracle Corporation"/>
    <property name="java.specification.name" value="Java Platform API Specification"/>
    <property name="java.awt.graphicsenv" value="sun.awt.X11GraphicsEnvironment"/>
    <property name="surefire.real.class.path" value="/home/cawal/git/lssb/activity-rest-framework/bootstrap/target/surefire/surefirebooter8214742779621268597.jar"/>
    <property name="sun.boot.class.path" value="/usr/lib/jvm/java-8-openjdk-amd64/jre/lib/resources.jar:/usr/lib/jvm/java-8-openjdk-amd64/jre/lib/rt.jar:/usr/lib/jvm/java-8-openjdk-amd64/jre/lib/sunrsasign.jar:/usr/lib/jvm/java-8-openjdk-amd64/jre/lib/jsse.jar:/usr/lib/jvm/java-8-openjdk-amd64/jre/lib/jce.jar:/usr/lib/jvm/java-8-openjdk-amd64/jre/lib/charsets.jar:/usr/lib/jvm/java-8-openjdk-amd64/jre/lib/jfr.jar:/usr/lib/jvm/java-8-openjdk-amd64/jre/classes"/>
    <property name="sun.management.compiler" value="HotSpot 64-Bit Tiered Compilers"/>
    <property name="java.runtime.version" value="1.8.0_232-8u232-b09-0ubuntu1~18.04.1-b09"/>
    <property name="user.name" value="cawal"/>
    <property name="path.separator" value=":"/>
    <property name="os.version" value="5.0.0-37-generic"/>
    <property name="java.endorsed.dirs" value="/usr/lib/jvm/java-8-openjdk-amd64/jre/lib/endorsed"/>
    <property name="java.runtime.name" value="OpenJDK Runtime Environment"/>
    <property name="file.encoding" value="UTF-8"/>
    <property name="java.vm.name" value="OpenJDK 64-Bit Server VM"/>
    <property name="localRepository" value="/home/cawal/.m2/repository"/>
    <property name="java.vendor.url.bug" value="http://bugreport.sun.com/bugreport/"/>
    <property name="java.io.tmpdir" value="/tmp"/>
    <property name="java.version" value="1.8.0_232"/>
    <property name="user.dir" value="/home/cawal/git/lssb/activity-rest-framework/bootstrap"/>
    <property name="os.arch" value="amd64"/>
    <property name="java.vm.specification.name" value="Java Virtual Machine Specification"/>
    <property name="java.awt.printerjob" value="sun.print.PSPrinterJob"/>
    <property name="sun.os.patch.level" value="unknown"/>
    <property name="java.library.path" value="/usr/java/packages/lib/amd64:/usr/lib/x86_64-linux-gnu/jni:/lib/x86_64-linux-gnu:/usr/lib/x86_64-linux-gnu:/usr/lib/jni:/lib:/usr/lib"/>
    <property name="java.vm.info" value="mixed mode"/>
    <property name="java.vendor" value="Private Build"/>
    <property name="java.vm.version" value="25.232-b09"/>
    <property name="java.ext.dirs" value="/usr/lib/jvm/java-8-openjdk-amd64/jre/lib/ext:/usr/java/packages/lib/ext"/>
    <property name="sun.io.unicode.encoding" value="UnicodeLittle"/>
    <property name="java.class.version" value="52.0"/>
  </properties>
  <testcase name="endpointsPackage" classname="tests.architecture.ArchitectureTest" time="0.117"/>
  <testcase name="messageBodyParsersAreIsolated" classname="tests.architecture.ArchitectureTest" time="0.001"/>
  <testcase name="providersPackage" classname="tests.architecture.ArchitectureTest" time="0.001"/>
  <testcase name="restLayers" classname="tests.architecture.ArchitectureTest" time="0.005"/>
  <testcase name="rule" classname="tests.architecture.ArchitectureTest" time="0.003"/>
</testsuite>